\BOOKMARK [1][-]{section.1}{Introduction}{}% 1
\BOOKMARK [1][-]{section.2}{Shallow-Water Theory}{}% 2
\BOOKMARK [1][-]{section.3}{The Conservative Form of a Hyperbolic Equation}{}% 3
\BOOKMARK [2][-]{subsection.3.1}{Introduction}{section.3}% 4
\BOOKMARK [2][-]{subsection.3.2}{The Numerical Importance of the Conservative Form}{section.3}% 5
\BOOKMARK [2][-]{subsection.3.3}{The Conservative Form of The Shallow-Water Equations}{section.3}% 6
\BOOKMARK [1][-]{section.4}{Numerical Methodolgy}{}% 7
\BOOKMARK [2][-]{subsection.4.1}{A Test Problem}{section.4}% 8
\BOOKMARK [2][-]{subsection.4.2}{Explicit Schemes}{section.4}% 9
\BOOKMARK [3][-]{subsubsection.4.2.1}{The Upwind Scheme}{subsection.4.2}% 10
\BOOKMARK [2][-]{subsection.4.3}{Implicit Schemes}{section.4}% 11
\BOOKMARK [2][-]{subsection.4.4}{Iterative Schemes}{section.4}% 12
\BOOKMARK [1][-]{section.5}{Application: Fukushima Daiichi Nuclear Disaster}{}% 13
\BOOKMARK [1][-]{appendix.A}{Derivation of The Shallow Water Equations}{}% 14
\BOOKMARK [1][-]{appendix.B}{The Leapfrog Method}{}% 15
\BOOKMARK [2][-]{subsection.B.1}{Stability}{appendix.B}% 16
\BOOKMARK [2][-]{subsection.B.2}{Consistency}{appendix.B}% 17
\BOOKMARK [2][-]{subsection.B.3}{Convergence}{appendix.B}% 18
\BOOKMARK [1][-]{appendix.C}{Application: Fukushima Daiichi Nuclear Disaster}{}% 19
\BOOKMARK [1][-]{appendix.D}{Interpolating Sea Floor: Fukushima Daiichi Nuclear Disaster}{}% 20
\BOOKMARK [2][-]{subsection.D.1}{Implementation}{appendix.D}% 21
\BOOKMARK [1][-]{appendix.A}{Derivation of The Shallow Water Equations}{}% 22
\BOOKMARK [1][-]{appendix.B}{The Leapfrog Method}{}% 23
\BOOKMARK [2][-]{subsection.B.1}{Stability}{appendix.B}% 24
\BOOKMARK [2][-]{subsection.B.2}{Consistency}{appendix.B}% 25
\BOOKMARK [2][-]{subsection.B.3}{Convergence}{appendix.B}% 26
